============================= test session starts ==============================
platform linux -- Python 3.12.1, pytest-9.1.1, pluggy-1.6.0
rootdir: /workspaces/lysergic-engineering-platform/apps/api/control-plane
configfile: pyproject.toml
plugins: anyio-4.14.2
collected 72 items

tests/test_api_contracts.py ......                                       [  8%]
tests/test_architecture.py ......                                        [ 16%]
tests/test_database_config.py ...                                        [ 20%]
tests/test_database_infrastructure.py ....                               [ 26%]
tests/test_dependency_composition.py ...                                 [ 30%]
tests/test_execution_lifecycle.py .........                              [ 43%]
tests/test_execution_persistence.py ........                             [ 54%]
tests/test_execution_queries.py .........                                [ 66%]
tests/test_execution_service.py ........                                 [ 77%]
tests/test_health.py .....                                               [ 84%]
tests/test_observability.py ...........                                  [100%]

=============================== warnings summary ===============================
.venv/lib/python3.12/site-packages/fastapi/testclient.py:1
  /workspaces/lysergic-engineering-platform/apps/api/control-plane/.venv/lib/python3.12/site-packages/fastapi/testclient.py:1: StarletteDeprecationWarning: Using `httpx` with `starlette.testclient` is deprecated; install `httpx2` instead.
    from starlette.testclient import TestClient as TestClient  # noqa

-- Docs: https://docs.pytest.org/en/stable/how-to/capture-warnings.html
======================== 72 passed, 1 warning in 0.62s =========================
