============================= test session starts ==============================
platform linux -- Python 3.12.1, pytest-9.1.1, pluggy-1.6.0
rootdir: /workspaces/lysergic-engineering-platform/apps/api/control-plane
configfile: pyproject.toml
plugins: anyio-4.14.2
collected 80 items

tests/test_api_contracts.py ......                                       [  7%]
tests/test_architecture.py ......                                        [ 15%]
tests/test_database_config.py ...                                        [ 18%]
tests/test_database_infrastructure.py ....                               [ 23%]
tests/test_dependency_composition.py ...                                 [ 27%]
tests/test_execution_audit.py ........                                   [ 37%]
tests/test_execution_lifecycle.py .........                              [ 48%]
tests/test_execution_persistence.py ........                             [ 58%]
tests/test_execution_queries.py .........                                [ 70%]
tests/test_execution_service.py ........                                 [ 80%]
tests/test_health.py .....                                               [ 86%]
tests/test_observability.py ...........                                  [100%]

=============================== warnings summary ===============================
.venv/lib/python3.12/site-packages/fastapi/testclient.py:1
  /workspaces/lysergic-engineering-platform/apps/api/control-plane/.venv/lib/python3.12/site-packages/fastapi/testclient.py:1: StarletteDeprecationWarning: Using `httpx` with `starlette.testclient` is deprecated; install `httpx2` instead.
    from starlette.testclient import TestClient as TestClient  # noqa

-- Docs: https://docs.pytest.org/en/stable/how-to/capture-warnings.html
======================== 80 passed, 1 warning in 1.23s =========================
