============================= test session starts ==============================
platform linux -- Python 3.12.1, pytest-9.1.1, pluggy-1.6.0
rootdir: /workspaces/lysergic-engineering-platform/apps/api/control-plane
configfile: pyproject.toml
plugins: anyio-4.14.2
collected 12 items

tests/test_database_config.py ...                                        [ 25%]
tests/test_database_infrastructure.py ....                               [ 58%]
tests/test_health.py .....                                               [100%]

=============================== warnings summary ===============================
.venv/lib/python3.12/site-packages/fastapi/testclient.py:1
  /workspaces/lysergic-engineering-platform/apps/api/control-plane/.venv/lib/python3.12/site-packages/fastapi/testclient.py:1: StarletteDeprecationWarning: Using `httpx` with `starlette.testclient` is deprecated; install `httpx2` instead.
    from starlette.testclient import TestClient as TestClient  # noqa

-- Docs: https://docs.pytest.org/en/stable/how-to/capture-warnings.html
======================== 12 passed, 1 warning in 1.48s =========================
